mode: atomic
github.com/republicprotocol/go-x/hash.go:10.41,11.24 1 9113
github.com/republicprotocol/go-x/hash.go:18.2,18.14 1 1
github.com/republicprotocol/go-x/hash.go:11.24,12.22 1 9698
github.com/republicprotocol/go-x/hash.go:12.22,14.4 1 4793
github.com/republicprotocol/go-x/hash.go:14.4,14.29 1 4905
github.com/republicprotocol/go-x/hash.go:14.29,16.4 1 4319
github.com/republicprotocol/go-x/hash.go:37.54,42.2 1 1201
github.com/republicprotocol/go-x/x.go:14.72,18.2 3 3
github.com/republicprotocol/go-x/x.go:24.46,25.32 1 12
github.com/republicprotocol/go-x/x.go:29.2,29.41 1 12
github.com/republicprotocol/go-x/x.go:25.32,27.3 1 1200
github.com/republicprotocol/go-x/x.go:29.41,31.3 1 7047
github.com/republicprotocol/go-x/x.go:38.57,39.29 1 5
github.com/republicprotocol/go-x/x.go:42.2,42.40 1 5
github.com/republicprotocol/go-x/x.go:39.29,41.3 1 0
github.com/republicprotocol/go-x/x.go:45.57,46.32 1 8
github.com/republicprotocol/go-x/x.go:46.32,48.3 1 800
github.com/republicprotocol/go-x/x.go:55.60,56.29 1 5
github.com/republicprotocol/go-x/x.go:59.2,59.43 1 5
github.com/republicprotocol/go-x/x.go:56.29,58.3 1 0
github.com/republicprotocol/go-x/x.go:62.60,63.32 1 8
github.com/republicprotocol/go-x/x.go:63.32,65.3 1 800
github.com/republicprotocol/go-x/x.go:71.42,73.31 1 11
github.com/republicprotocol/go-x/x.go:79.2,79.61 1 11
github.com/republicprotocol/go-x/x.go:82.2,82.15 1 11
github.com/republicprotocol/go-x/x.go:87.2,87.13 1 11
github.com/republicprotocol/go-x/x.go:73.31,74.21 1 1100
github.com/republicprotocol/go-x/x.go:74.21,76.4 1 0
github.com/republicprotocol/go-x/x.go:79.61,81.3 1 893
github.com/republicprotocol/go-x/x.go:82.15,83.42 1 2
github.com/republicprotocol/go-x/x.go:83.42,85.4 1 970
github.com/republicprotocol/go-x/x.go:92.48,94.2 1 7
github.com/republicprotocol/go-x/x.go:98.46,100.28 2 1000
github.com/republicprotocol/go-x/x.go:103.2,103.24 1 1000
github.com/republicprotocol/go-x/x.go:100.28,102.3 1 710
