mode: atomic
github.com/republicprotocol/go-x/client.go:14.91,18.16 2 0
github.com/republicprotocol/go-x/client.go:21.2,30.16 6 0
github.com/republicprotocol/go-x/client.go:34.2,35.38 2 0
github.com/republicprotocol/go-x/client.go:42.2,42.19 1 0
github.com/republicprotocol/go-x/client.go:18.16,20.3 1 0
github.com/republicprotocol/go-x/client.go:30.16,32.3 1 0
github.com/republicprotocol/go-x/client.go:35.38,37.17 2 0
github.com/republicprotocol/go-x/client.go:40.3,40.30 1 0
github.com/republicprotocol/go-x/client.go:37.17,39.4 1 0
github.com/republicprotocol/go-x/client.go:48.131,51.16 2 0
github.com/republicprotocol/go-x/client.go:54.2,63.16 6 0
github.com/republicprotocol/go-x/client.go:67.2,68.16 2 0
github.com/republicprotocol/go-x/client.go:71.2,71.18 1 0
github.com/republicprotocol/go-x/client.go:51.16,53.3 1 0
github.com/republicprotocol/go-x/client.go:63.16,65.3 1 0
github.com/republicprotocol/go-x/client.go:68.16,70.3 1 0
github.com/republicprotocol/go-x/node.go:26.67,28.16 2 25280
github.com/republicprotocol/go-x/node.go:31.2,32.16 2 25280
github.com/republicprotocol/go-x/node.go:35.2,36.16 2 25280
github.com/republicprotocol/go-x/node.go:39.2,39.18 1 25280
github.com/republicprotocol/go-x/node.go:28.16,30.3 1 0
github.com/republicprotocol/go-x/node.go:32.16,34.3 1 0
github.com/republicprotocol/go-x/node.go:36.16,38.3 1 0
github.com/republicprotocol/go-x/node.go:57.109,59.16 2 320
github.com/republicprotocol/go-x/node.go:62.2,63.31 2 320
github.com/republicprotocol/go-x/node.go:68.2,73.8 1 320
github.com/republicprotocol/go-x/node.go:59.16,61.3 1 0
github.com/republicprotocol/go-x/node.go:63.31,64.43 1 0
github.com/republicprotocol/go-x/node.go:64.43,66.4 1 0
github.com/republicprotocol/go-x/node.go:77.33,79.16 2 320
github.com/republicprotocol/go-x/node.go:82.2,83.16 2 320
github.com/republicprotocol/go-x/node.go:86.2,87.16 2 320
github.com/republicprotocol/go-x/node.go:90.2,92.36 3 320
github.com/republicprotocol/go-x/node.go:79.16,81.3 1 0
github.com/republicprotocol/go-x/node.go:83.16,85.3 1 0
github.com/republicprotocol/go-x/node.go:87.16,89.3 1 0
github.com/republicprotocol/go-x/node.go:98.96,99.34 1 0
github.com/republicprotocol/go-x/node.go:104.2,105.12 2 0
github.com/republicprotocol/go-x/node.go:110.2,110.9 1 0
github.com/republicprotocol/go-x/node.go:99.34,101.3 1 0
github.com/republicprotocol/go-x/node.go:105.12,108.3 2 0
github.com/republicprotocol/go-x/node.go:111.21,112.18 1 0
github.com/republicprotocol/go-x/node.go:115.20,116.42 1 0
github.com/republicprotocol/go-x/node.go:124.119,126.34 1 0
github.com/republicprotocol/go-x/node.go:131.2,136.12 3 0
github.com/republicprotocol/go-x/node.go:142.2,142.9 1 0
github.com/republicprotocol/go-x/node.go:126.34,128.3 1 0
github.com/republicprotocol/go-x/node.go:136.12,140.3 3 0
github.com/republicprotocol/go-x/node.go:144.20,145.73 1 0
github.com/republicprotocol/go-x/node.go:148.21,149.37 1 0
github.com/republicprotocol/go-x/node.go:156.80,160.20 3 0
github.com/republicprotocol/go-x/node.go:165.2,165.45 1 0
github.com/republicprotocol/go-x/node.go:173.2,174.16 2 0
github.com/republicprotocol/go-x/node.go:177.2,177.43 1 0
github.com/republicprotocol/go-x/node.go:183.2,183.20 1 0
github.com/republicprotocol/go-x/node.go:213.2,213.47 1 0
github.com/republicprotocol/go-x/node.go:160.20,162.3 1 0
github.com/republicprotocol/go-x/node.go:165.45,170.3 4 0
github.com/republicprotocol/go-x/node.go:174.16,176.3 1 0
github.com/republicprotocol/go-x/node.go:177.43,180.3 2 0
github.com/republicprotocol/go-x/node.go:183.20,185.20 2 0
github.com/republicprotocol/go-x/node.go:189.3,194.38 4 0
github.com/republicprotocol/go-x/node.go:208.3,209.23 2 0
github.com/republicprotocol/go-x/node.go:185.20,187.4 1 0
github.com/republicprotocol/go-x/node.go:194.38,197.14 3 0
github.com/republicprotocol/go-x/node.go:204.4,204.22 1 0
github.com/republicprotocol/go-x/node.go:197.14,200.24 3 0
github.com/republicprotocol/go-x/node.go:200.24,202.6 1 0
github.com/republicprotocol/go-x/node.go:204.22,205.10 1 0
github.com/republicprotocol/go-x/node.go:209.23,211.4 1 0
github.com/republicprotocol/go-x/node.go:216.53,223.31 3 0
github.com/republicprotocol/go-x/node.go:226.2,226.12 1 0
github.com/republicprotocol/go-x/node.go:223.31,225.3 1 0
github.com/republicprotocol/go-x/node.go:229.104,232.32 2 0
github.com/republicprotocol/go-x/node.go:237.2,243.16 5 0
github.com/republicprotocol/go-x/node.go:247.2,249.16 3 0
github.com/republicprotocol/go-x/node.go:252.2,253.16 2 0
github.com/republicprotocol/go-x/node.go:256.2,261.49 4 0
github.com/republicprotocol/go-x/node.go:270.2,270.20 1 0
github.com/republicprotocol/go-x/node.go:273.2,273.39 1 0
github.com/republicprotocol/go-x/node.go:281.2,282.16 2 0
github.com/republicprotocol/go-x/node.go:285.2,285.27 1 0
github.com/republicprotocol/go-x/node.go:295.2,295.20 1 0
github.com/republicprotocol/go-x/node.go:392.2,392.24 1 0
github.com/republicprotocol/go-x/node.go:395.2,396.16 2 0
github.com/republicprotocol/go-x/node.go:400.2,400.57 1 0
github.com/republicprotocol/go-x/node.go:232.32,235.3 2 0
github.com/republicprotocol/go-x/node.go:243.16,246.3 1 0
github.com/republicprotocol/go-x/node.go:249.16,251.3 1 0
github.com/republicprotocol/go-x/node.go:253.16,255.3 1 0
github.com/republicprotocol/go-x/node.go:261.49,263.17 2 0
github.com/republicprotocol/go-x/node.go:266.3,266.45 1 0
github.com/republicprotocol/go-x/node.go:263.17,265.4 1 0
github.com/republicprotocol/go-x/node.go:266.45,268.4 1 0
github.com/republicprotocol/go-x/node.go:270.20,272.3 1 0
github.com/republicprotocol/go-x/node.go:273.39,278.3 4 0
github.com/republicprotocol/go-x/node.go:282.16,284.3 1 0
github.com/republicprotocol/go-x/node.go:285.27,288.3 2 0
github.com/republicprotocol/go-x/node.go:295.20,297.20 2 0
github.com/republicprotocol/go-x/node.go:300.3,307.38 3 0
github.com/republicprotocol/go-x/node.go:376.3,377.25 2 0
github.com/republicprotocol/go-x/node.go:384.3,384.40 1 0
github.com/republicprotocol/go-x/node.go:297.20,299.4 1 0
github.com/republicprotocol/go-x/node.go:307.38,308.22 1 0
github.com/republicprotocol/go-x/node.go:311.4,314.18 4 0
github.com/republicprotocol/go-x/node.go:317.4,319.14 2 0
github.com/republicprotocol/go-x/node.go:308.22,309.10 1 0
github.com/republicprotocol/go-x/node.go:314.18,316.5 1 0
github.com/republicprotocol/go-x/node.go:319.14,325.19 3 0
github.com/republicprotocol/go-x/node.go:331.5,332.32 2 0
github.com/republicprotocol/go-x/node.go:354.5,355.27 2 0
github.com/republicprotocol/go-x/node.go:325.19,327.6 1 0
github.com/republicprotocol/go-x/node.go:332.32,334.20 2 0
github.com/republicprotocol/go-x/node.go:337.6,337.27 1 0
github.com/republicprotocol/go-x/node.go:351.6,351.39 1 0
github.com/republicprotocol/go-x/node.go:334.20,336.7 1 0
github.com/republicprotocol/go-x/node.go:337.27,342.29 2 0
github.com/republicprotocol/go-x/node.go:345.7,346.12 2 0
github.com/republicprotocol/go-x/node.go:342.29,344.8 1 0
github.com/republicprotocol/go-x/node.go:355.27,361.36 3 0
github.com/republicprotocol/go-x/node.go:370.6,370.21 1 0
github.com/republicprotocol/go-x/node.go:361.36,363.21 2 0
github.com/republicprotocol/go-x/node.go:366.7,366.49 1 0
github.com/republicprotocol/go-x/node.go:363.21,365.8 1 0
github.com/republicprotocol/go-x/node.go:366.49,368.8 1 0
github.com/republicprotocol/go-x/node.go:371.6,373.6 1 0
github.com/republicprotocol/go-x/node.go:377.25,380.9 1 0
github.com/republicprotocol/go-x/node.go:384.40,389.4 4 0
github.com/republicprotocol/go-x/node.go:392.24,394.3 1 0
github.com/republicprotocol/go-x/node.go:396.16,398.3 1 0
github.com/republicprotocol/go-x/node.go:403.78,405.16 2 0
github.com/republicprotocol/go-x/node.go:408.2,409.18 2 0
github.com/republicprotocol/go-x/node.go:412.2,413.16 2 0
github.com/republicprotocol/go-x/node.go:416.2,417.19 2 0
github.com/republicprotocol/go-x/node.go:405.16,407.3 1 0
github.com/republicprotocol/go-x/node.go:409.18,411.3 1 0
github.com/republicprotocol/go-x/node.go:413.16,415.3 1 0
github.com/republicprotocol/go-x/ping.go:16.96,17.34 1 25280
github.com/republicprotocol/go-x/ping.go:22.2,23.12 2 25280
github.com/republicprotocol/go-x/ping.go:28.2,28.9 1 25280
github.com/republicprotocol/go-x/ping.go:17.34,19.3 1 0
github.com/republicprotocol/go-x/ping.go:23.12,26.3 2 25280
github.com/republicprotocol/go-x/ping.go:29.21,30.67 1 25280
github.com/republicprotocol/go-x/ping.go:33.20,34.73 1 0
github.com/republicprotocol/go-x/ping.go:38.60,40.16 2 25280
github.com/republicprotocol/go-x/ping.go:43.2,47.30 3 25280
github.com/republicprotocol/go-x/ping.go:63.2,63.12 1 25280
github.com/republicprotocol/go-x/ping.go:40.16,42.3 1 0
github.com/republicprotocol/go-x/ping.go:47.30,50.17 2 0
github.com/republicprotocol/go-x/ping.go:53.3,54.17 2 0
github.com/republicprotocol/go-x/ping.go:58.3,58.13 1 0
github.com/republicprotocol/go-x/ping.go:61.3,61.13 1 0
github.com/republicprotocol/go-x/ping.go:50.17,52.4 1 0
github.com/republicprotocol/go-x/ping.go:54.17,56.4 1 0
github.com/republicprotocol/go-x/ping.go:58.13,60.4 1 0
github.com/republicprotocol/go-x/ping.go:69.89,73.16 2 25280
github.com/republicprotocol/go-x/ping.go:76.2,85.16 6 25280
github.com/republicprotocol/go-x/ping.go:89.2,90.16 2 25280
github.com/republicprotocol/go-x/ping.go:93.2,93.18 1 25280
github.com/republicprotocol/go-x/ping.go:73.16,75.3 1 0
github.com/republicprotocol/go-x/ping.go:85.16,87.3 1 0
github.com/republicprotocol/go-x/ping.go:90.16,92.3 1 0
