mode: atomic
github.com/republicprotocol/go-x/client.go:16.67,18.16 2 0
github.com/republicprotocol/go-x/client.go:21.2,22.16 2 0
github.com/republicprotocol/go-x/client.go:25.2,26.16 2 0
github.com/republicprotocol/go-x/client.go:29.2,29.18 1 0
github.com/republicprotocol/go-x/client.go:18.16,20.3 1 0
github.com/republicprotocol/go-x/client.go:22.16,24.3 1 0
github.com/republicprotocol/go-x/client.go:26.16,28.3 1 0
github.com/republicprotocol/go-x/client.go:35.89,39.16 2 0
github.com/republicprotocol/go-x/client.go:42.2,51.16 6 0
github.com/republicprotocol/go-x/client.go:55.2,56.16 2 0
github.com/republicprotocol/go-x/client.go:59.2,59.18 1 0
github.com/republicprotocol/go-x/client.go:39.16,41.3 1 0
github.com/republicprotocol/go-x/client.go:51.16,53.3 1 0
github.com/republicprotocol/go-x/client.go:56.16,58.3 1 0
github.com/republicprotocol/go-x/client.go:64.91,68.16 2 0
github.com/republicprotocol/go-x/client.go:71.2,80.16 6 0
github.com/republicprotocol/go-x/client.go:84.2,85.38 2 0
github.com/republicprotocol/go-x/client.go:92.2,92.19 1 0
github.com/republicprotocol/go-x/client.go:68.16,70.3 1 0
github.com/republicprotocol/go-x/client.go:80.16,82.3 1 0
github.com/republicprotocol/go-x/client.go:85.38,87.17 2 0
github.com/republicprotocol/go-x/client.go:90.3,90.30 1 0
github.com/republicprotocol/go-x/client.go:87.17,89.4 1 0
github.com/republicprotocol/go-x/client.go:98.131,101.16 2 0
github.com/republicprotocol/go-x/client.go:104.2,113.16 6 0
github.com/republicprotocol/go-x/client.go:117.2,118.16 2 0
github.com/republicprotocol/go-x/client.go:121.2,121.18 1 0
github.com/republicprotocol/go-x/client.go:101.16,103.3 1 0
github.com/republicprotocol/go-x/client.go:113.16,115.3 1 0
github.com/republicprotocol/go-x/client.go:118.16,120.3 1 0
github.com/republicprotocol/go-x/node.go:38.109,40.16 2 0
github.com/republicprotocol/go-x/node.go:43.2,44.31 2 0
github.com/republicprotocol/go-x/node.go:49.2,54.8 1 0
github.com/republicprotocol/go-x/node.go:40.16,42.3 1 0
github.com/republicprotocol/go-x/node.go:44.31,45.43 1 0
github.com/republicprotocol/go-x/node.go:45.43,47.4 1 0
github.com/republicprotocol/go-x/node.go:58.33,60.16 2 0
github.com/republicprotocol/go-x/node.go:63.2,64.16 2 0
github.com/republicprotocol/go-x/node.go:67.2,68.16 2 0
github.com/republicprotocol/go-x/node.go:71.2,73.36 3 0
github.com/republicprotocol/go-x/node.go:60.16,62.3 1 0
github.com/republicprotocol/go-x/node.go:64.16,66.3 1 0
github.com/republicprotocol/go-x/node.go:68.16,70.3 1 0
github.com/republicprotocol/go-x/node.go:79.96,80.34 1 0
github.com/republicprotocol/go-x/node.go:85.2,86.12 2 0
github.com/republicprotocol/go-x/node.go:91.2,91.9 1 0
github.com/republicprotocol/go-x/node.go:80.34,82.3 1 0
github.com/republicprotocol/go-x/node.go:86.12,89.3 2 0
github.com/republicprotocol/go-x/node.go:92.21,93.67 1 0
github.com/republicprotocol/go-x/node.go:96.20,97.73 1 0
github.com/republicprotocol/go-x/node.go:104.96,105.34 1 0
github.com/republicprotocol/go-x/node.go:110.2,111.12 2 0
github.com/republicprotocol/go-x/node.go:116.2,116.9 1 0
github.com/republicprotocol/go-x/node.go:105.34,107.3 1 0
github.com/republicprotocol/go-x/node.go:111.12,114.3 2 0
github.com/republicprotocol/go-x/node.go:117.21,118.18 1 0
github.com/republicprotocol/go-x/node.go:121.20,122.42 1 0
github.com/republicprotocol/go-x/node.go:130.119,132.34 1 0
github.com/republicprotocol/go-x/node.go:137.2,138.12 2 0
github.com/republicprotocol/go-x/node.go:144.2,144.9 1 0
github.com/republicprotocol/go-x/node.go:132.34,134.3 1 0
github.com/republicprotocol/go-x/node.go:138.12,142.3 3 0
github.com/republicprotocol/go-x/node.go:146.20,147.73 1 0
github.com/republicprotocol/go-x/node.go:150.21,151.17 1 0
github.com/republicprotocol/go-x/node.go:154.3,154.67 1 0
github.com/republicprotocol/go-x/node.go:151.17,153.4 1 0
github.com/republicprotocol/go-x/node.go:158.60,160.16 2 0
github.com/republicprotocol/go-x/node.go:163.2,167.30 3 0
github.com/republicprotocol/go-x/node.go:183.2,183.12 1 0
github.com/republicprotocol/go-x/node.go:160.16,162.3 1 0
github.com/republicprotocol/go-x/node.go:167.30,170.17 2 0
github.com/republicprotocol/go-x/node.go:173.3,174.17 2 0
github.com/republicprotocol/go-x/node.go:178.3,178.13 1 0
github.com/republicprotocol/go-x/node.go:181.3,181.13 1 0
github.com/republicprotocol/go-x/node.go:170.17,172.4 1 0
github.com/republicprotocol/go-x/node.go:174.17,176.4 1 0
github.com/republicprotocol/go-x/node.go:178.13,180.4 1 0
github.com/republicprotocol/go-x/node.go:186.53,193.31 3 0
github.com/republicprotocol/go-x/node.go:196.2,196.12 1 0
github.com/republicprotocol/go-x/node.go:193.31,195.3 1 0
github.com/republicprotocol/go-x/node.go:199.104,202.48 2 0
github.com/republicprotocol/go-x/node.go:207.2,213.16 5 0
github.com/republicprotocol/go-x/node.go:217.2,219.16 3 0
github.com/republicprotocol/go-x/node.go:222.2,223.16 2 0
github.com/republicprotocol/go-x/node.go:226.2,231.49 4 0
github.com/republicprotocol/go-x/node.go:240.2,240.20 1 0
github.com/republicprotocol/go-x/node.go:243.2,243.39 1 0
github.com/republicprotocol/go-x/node.go:251.2,252.16 2 0
github.com/republicprotocol/go-x/node.go:255.2,255.43 1 0
github.com/republicprotocol/go-x/node.go:265.2,265.20 1 0
github.com/republicprotocol/go-x/node.go:386.2,386.24 1 0
github.com/republicprotocol/go-x/node.go:389.2,390.16 2 0
github.com/republicprotocol/go-x/node.go:394.2,394.57 1 0
github.com/republicprotocol/go-x/node.go:202.48,205.3 2 0
github.com/republicprotocol/go-x/node.go:213.16,216.3 1 0
github.com/republicprotocol/go-x/node.go:219.16,221.3 1 0
github.com/republicprotocol/go-x/node.go:223.16,225.3 1 0
github.com/republicprotocol/go-x/node.go:231.49,233.17 2 0
github.com/republicprotocol/go-x/node.go:236.3,236.44 1 0
github.com/republicprotocol/go-x/node.go:233.17,235.4 1 0
github.com/republicprotocol/go-x/node.go:236.44,238.4 1 0
github.com/republicprotocol/go-x/node.go:240.20,242.3 1 0
github.com/republicprotocol/go-x/node.go:243.39,248.3 4 0
github.com/republicprotocol/go-x/node.go:252.16,254.3 1 0
github.com/republicprotocol/go-x/node.go:255.43,258.3 2 0
github.com/republicprotocol/go-x/node.go:265.20,267.20 2 0
github.com/republicprotocol/go-x/node.go:270.3,278.38 3 0
github.com/republicprotocol/go-x/node.go:347.3,348.25 2 0
github.com/republicprotocol/go-x/node.go:355.3,355.40 1 0
github.com/republicprotocol/go-x/node.go:267.20,269.4 1 0
github.com/republicprotocol/go-x/node.go:278.38,279.22 1 0
github.com/republicprotocol/go-x/node.go:282.4,285.18 4 0
github.com/republicprotocol/go-x/node.go:288.4,290.14 2 0
github.com/republicprotocol/go-x/node.go:279.22,280.10 1 0
github.com/republicprotocol/go-x/node.go:285.18,287.5 1 0
github.com/republicprotocol/go-x/node.go:290.14,296.19 3 0
github.com/republicprotocol/go-x/node.go:302.5,303.32 2 0
github.com/republicprotocol/go-x/node.go:325.5,326.27 2 0
github.com/republicprotocol/go-x/node.go:296.19,298.6 1 0
github.com/republicprotocol/go-x/node.go:303.32,305.20 2 0
github.com/republicprotocol/go-x/node.go:308.6,308.43 1 0
github.com/republicprotocol/go-x/node.go:322.6,322.39 1 0
github.com/republicprotocol/go-x/node.go:305.20,307.7 1 0
github.com/republicprotocol/go-x/node.go:308.43,313.29 2 0
github.com/republicprotocol/go-x/node.go:316.7,317.12 2 0
github.com/republicprotocol/go-x/node.go:313.29,315.8 1 0
github.com/republicprotocol/go-x/node.go:326.27,332.36 3 0
github.com/republicprotocol/go-x/node.go:341.6,341.21 1 0
github.com/republicprotocol/go-x/node.go:332.36,334.21 2 0
github.com/republicprotocol/go-x/node.go:337.7,337.48 1 0
github.com/republicprotocol/go-x/node.go:334.21,336.8 1 0
github.com/republicprotocol/go-x/node.go:337.48,339.8 1 0
github.com/republicprotocol/go-x/node.go:342.6,344.6 1 0
github.com/republicprotocol/go-x/node.go:348.25,351.9 1 0
github.com/republicprotocol/go-x/node.go:355.40,360.4 4 0
github.com/republicprotocol/go-x/node.go:386.24,388.3 1 0
github.com/republicprotocol/go-x/node.go:390.16,392.3 1 0
github.com/republicprotocol/go-x/node.go:397.78,399.16 2 0
github.com/republicprotocol/go-x/node.go:402.2,403.18 2 0
github.com/republicprotocol/go-x/node.go:406.2,407.16 2 0
github.com/republicprotocol/go-x/node.go:410.2,411.19 2 0
github.com/republicprotocol/go-x/node.go:399.16,401.3 1 0
github.com/republicprotocol/go-x/node.go:403.18,405.3 1 0
github.com/republicprotocol/go-x/node.go:407.16,409.3 1 0
github.com/republicprotocol/go-x/node.go:417.80,421.20 3 0
github.com/republicprotocol/go-x/node.go:426.2,426.45 1 0
github.com/republicprotocol/go-x/node.go:434.2,435.16 2 0
github.com/republicprotocol/go-x/node.go:438.2,438.43 1 0
github.com/republicprotocol/go-x/node.go:444.2,444.20 1 0
github.com/republicprotocol/go-x/node.go:474.2,474.47 1 0
github.com/republicprotocol/go-x/node.go:421.20,423.3 1 0
github.com/republicprotocol/go-x/node.go:426.45,431.3 4 0
github.com/republicprotocol/go-x/node.go:435.16,437.3 1 0
github.com/republicprotocol/go-x/node.go:438.43,441.3 2 0
github.com/republicprotocol/go-x/node.go:444.20,446.20 2 0
github.com/republicprotocol/go-x/node.go:450.3,455.38 4 0
github.com/republicprotocol/go-x/node.go:469.3,470.23 2 0
github.com/republicprotocol/go-x/node.go:446.20,448.4 1 0
github.com/republicprotocol/go-x/node.go:455.38,458.14 3 0
github.com/republicprotocol/go-x/node.go:465.4,465.22 1 0
github.com/republicprotocol/go-x/node.go:458.14,461.24 3 0
github.com/republicprotocol/go-x/node.go:461.24,463.6 1 0
github.com/republicprotocol/go-x/node.go:465.22,466.10 1 0
github.com/republicprotocol/go-x/node.go:470.23,472.4 1 0
