mode: atomic
github.com/republicprotocol/go-dark-node/test/republic.go:24.13,30.16 4 1
github.com/republicprotocol/go-dark-node/test/republic.go:34.2,35.22 2 1
github.com/republicprotocol/go-dark-node/test/republic.go:42.2,43.22 2 1
github.com/republicprotocol/go-dark-node/test/republic.go:30.16,32.3 1 0
github.com/republicprotocol/go-dark-node/test/republic.go:35.22,36.28 1 0
github.com/republicprotocol/go-dark-node/test/republic.go:39.3,39.47 1 0
github.com/republicprotocol/go-dark-node/test/republic.go:36.28,38.4 1 0
github.com/republicprotocol/go-dark-node/test/republic.go:46.93,49.16 2 1
github.com/republicprotocol/go-dark-node/test/republic.go:54.2,56.37 3 1
github.com/republicprotocol/go-dark-node/test/republic.go:67.2,67.19 1 1
github.com/republicprotocol/go-dark-node/test/republic.go:49.16,51.3 1 0
github.com/republicprotocol/go-dark-node/test/republic.go:56.37,58.17 2 12
github.com/republicprotocol/go-dark-node/test/republic.go:61.3,62.17 2 12
github.com/republicprotocol/go-dark-node/test/republic.go:65.3,65.18 1 12
github.com/republicprotocol/go-dark-node/test/republic.go:58.17,60.4 1 0
github.com/republicprotocol/go-dark-node/test/republic.go:62.17,64.4 1 0
github.com/republicprotocol/go-dark-node/test/republic.go:70.79,76.37 5 1
github.com/republicprotocol/go-dark-node/test/republic.go:101.2,101.33 1 1
github.com/republicprotocol/go-dark-node/test/republic.go:119.2,119.12 1 1
github.com/republicprotocol/go-dark-node/test/republic.go:76.37,78.17 2 12
github.com/republicprotocol/go-dark-node/test/republic.go:82.3,83.17 2 12
github.com/republicprotocol/go-dark-node/test/republic.go:87.3,95.33 3 12
github.com/republicprotocol/go-dark-node/test/republic.go:78.17,80.4 1 0
github.com/republicprotocol/go-dark-node/test/republic.go:83.17,85.4 1 0
github.com/republicprotocol/go-dark-node/test/republic.go:95.33,97.4 1 4
github.com/republicprotocol/go-dark-node/test/republic.go:101.33,102.40 1 12
github.com/republicprotocol/go-dark-node/test/republic.go:108.3,109.17 2 12
github.com/republicprotocol/go-dark-node/test/republic.go:112.3,114.17 3 12
github.com/republicprotocol/go-dark-node/test/republic.go:102.40,103.58 1 48
github.com/republicprotocol/go-dark-node/test/republic.go:103.58,105.5 1 44
github.com/republicprotocol/go-dark-node/test/republic.go:109.17,111.4 1 0
github.com/republicprotocol/go-dark-node/test/republic.go:114.17,116.4 1 0
github.com/republicprotocol/go-dark-node/test/republic.go:122.80,125.23 2 1
github.com/republicprotocol/go-dark-node/test/republic.go:135.2,135.45 1 1
github.com/republicprotocol/go-dark-node/test/republic.go:148.2,150.23 2 1
github.com/republicprotocol/go-dark-node/test/republic.go:158.2,158.16 1 1
github.com/republicprotocol/go-dark-node/test/republic.go:125.23,126.18 1 12
github.com/republicprotocol/go-dark-node/test/republic.go:126.18,128.18 2 12
github.com/republicprotocol/go-dark-node/test/republic.go:128.18,130.5 1 6
github.com/republicprotocol/go-dark-node/test/republic.go:135.45,136.46 1 4
github.com/republicprotocol/go-dark-node/test/republic.go:136.46,137.14 1 16
github.com/republicprotocol/go-dark-node/test/republic.go:137.14,138.23 1 12
github.com/republicprotocol/go-dark-node/test/republic.go:138.23,140.20 2 12
github.com/republicprotocol/go-dark-node/test/republic.go:140.20,142.7 1 0
github.com/republicprotocol/go-dark-node/test/republic.go:150.23,151.18 1 12
github.com/republicprotocol/go-dark-node/test/republic.go:151.18,153.18 2 12
github.com/republicprotocol/go-dark-node/test/republic.go:153.18,155.5 1 0
github.com/republicprotocol/go-dark-node/test/republic.go:167.84,170.44 2 1
github.com/republicprotocol/go-dark-node/test/republic.go:248.2,248.12 1 1
github.com/republicprotocol/go-dark-node/test/republic.go:170.44,174.17 2 12
github.com/republicprotocol/go-dark-node/test/republic.go:178.3,184.36 5 12
github.com/republicprotocol/go-dark-node/test/republic.go:202.3,205.36 2 12
github.com/republicprotocol/go-dark-node/test/republic.go:224.3,224.68 1 12
github.com/republicprotocol/go-dark-node/test/republic.go:246.3,246.56 1 12
github.com/republicprotocol/go-dark-node/test/republic.go:174.17,176.4 1 0
github.com/republicprotocol/go-dark-node/test/republic.go:184.36,187.18 3 240
github.com/republicprotocol/go-dark-node/test/republic.go:191.4,193.18 3 240
github.com/republicprotocol/go-dark-node/test/republic.go:196.4,199.25 2 240
github.com/republicprotocol/go-dark-node/test/republic.go:187.18,189.5 1 0
github.com/republicprotocol/go-dark-node/test/republic.go:193.18,195.5 1 0
github.com/republicprotocol/go-dark-node/test/republic.go:205.36,208.18 3 240
github.com/republicprotocol/go-dark-node/test/republic.go:212.4,214.18 3 240
github.com/republicprotocol/go-dark-node/test/republic.go:218.4,221.24 2 240
github.com/republicprotocol/go-dark-node/test/republic.go:208.18,210.5 1 0
github.com/republicprotocol/go-dark-node/test/republic.go:214.18,216.5 1 0
github.com/republicprotocol/go-dark-node/test/republic.go:224.68,225.37 1 24
github.com/republicprotocol/go-dark-node/test/republic.go:225.37,226.34 1 24
github.com/republicprotocol/go-dark-node/test/republic.go:226.34,228.48 1 226
github.com/republicprotocol/go-dark-node/test/republic.go:234.6,235.20 2 226
github.com/republicprotocol/go-dark-node/test/republic.go:239.6,239.36 1 226
github.com/republicprotocol/go-dark-node/test/republic.go:228.48,230.7 1 113
github.com/republicprotocol/go-dark-node/test/republic.go:230.7,232.7 1 113
github.com/republicprotocol/go-dark-node/test/republic.go:235.20,236.15 1 0
github.com/republicprotocol/go-dark-node/test/republic.go:239.36,242.7 1 1774
